Job started on ptolemy-gpu-06 at Tue Apr 29 12:55:10 AM CDT 2025
SLURM Job ID: 38947
Number of CPUs allocated: 
Memory allocated: 
Batch size: 64
Project Root: /scratch/ptolemy/users/kg1623/projects/deep-learning/audio-classification-using-ViT
Setting Torch cache to: /scratch/ptolemy/users/kg1623/.cache/torch
Setting Hugging Face cache to: /scratch/ptolemy/users/kg1623/.cache/huggingface
Current Directory: /scratch/ptolemy/users/kg1623/projects/deep-learning/audio-classification-using-ViT
Loading modules...
Activating existing virtual environment 'venv'...
PYTHONPATH: /scratch/ptolemy/users/kg1623/projects/deep-learning/audio-classification-using-ViT:
Running train.py script...
Using device: cuda
Number of workers: 4
Batch size: 64
Train dataset size: 7079
Validation dataset size: 816
Test dataset size: 837
Epoch: 1 | train_loss: 2.0983 | train_acc: 0.2534 | val_loss: 1.8765 | val_acc: 0.3526
Saved best model checkpoint to checkpoints/best_model_checkpoint.pth
Epoch: 2 | train_loss: 1.9406 | train_acc: 0.3286 | val_loss: 1.8010 | val_acc: 0.4014
Saved best model checkpoint to checkpoints/best_model_checkpoint.pth
Epoch: 3 | train_loss: 1.8685 | train_acc: 0.3654 | val_loss: 1.7204 | val_acc: 0.4239
Saved best model checkpoint to checkpoints/best_model_checkpoint.pth
Epoch: 4 | train_loss: 1.8281 | train_acc: 0.3835 | val_loss: 1.7128 | val_acc: 0.4411
Saved best model checkpoint to checkpoints/best_model_checkpoint.pth
Epoch: 5 | train_loss: 1.7918 | train_acc: 0.3993 | val_loss: 1.6444 | val_acc: 0.4724
Saved best model checkpoint to checkpoints/best_model_checkpoint.pth
Epoch: 6 | train_loss: 1.7576 | train_acc: 0.4211 | val_loss: 1.6567 | val_acc: 0.4728
Epoch 6 - No improvement in validation loss.
Epoch: 7 | train_loss: 1.7349 | train_acc: 0.4396 | val_loss: 1.6288 | val_acc: 0.4960
Saved best model checkpoint to checkpoints/best_model_checkpoint.pth
Epoch: 8 | train_loss: 1.7296 | train_acc: 0.4373 | val_loss: 1.6098 | val_acc: 0.5509
Saved best model checkpoint to checkpoints/best_model_checkpoint.pth
Epoch: 9 | train_loss: 1.7031 | train_acc: 0.4529 | val_loss: 1.5847 | val_acc: 0.5312
Saved best model checkpoint to checkpoints/best_model_checkpoint.pth
Epoch: 10 | train_loss: 1.6927 | train_acc: 0.4630 | val_loss: 1.5992 | val_acc: 0.5361
Epoch 10 - No improvement in validation loss.
Epoch: 11 | train_loss: 1.6745 | train_acc: 0.4735 | val_loss: 1.5518 | val_acc: 0.5625
Saved best model checkpoint to checkpoints/best_model_checkpoint.pth
Epoch: 12 | train_loss: 1.6831 | train_acc: 0.4740 | val_loss: 1.5760 | val_acc: 0.5064
Epoch 12 - No improvement in validation loss.
Epoch: 13 | train_loss: 1.6566 | train_acc: 0.4776 | val_loss: 1.5403 | val_acc: 0.5549
Saved best model checkpoint to checkpoints/best_model_checkpoint.pth
Epoch: 14 | train_loss: 1.6525 | train_acc: 0.4822 | val_loss: 1.5425 | val_acc: 0.5417
Epoch 14 - No improvement in validation loss.
Epoch: 15 | train_loss: 1.6358 | train_acc: 0.4844 | val_loss: 1.5090 | val_acc: 0.5813
Saved best model checkpoint to checkpoints/best_model_checkpoint.pth
Epoch: 16 | train_loss: 1.6309 | train_acc: 0.4901 | val_loss: 1.5471 | val_acc: 0.5649
Epoch 16 - No improvement in validation loss.
Epoch: 17 | train_loss: 1.6155 | train_acc: 0.4998 | val_loss: 1.5026 | val_acc: 0.5685
Saved best model checkpoint to checkpoints/best_model_checkpoint.pth
Epoch: 18 | train_loss: 1.6121 | train_acc: 0.5025 | val_loss: 1.4991 | val_acc: 0.5365
Saved best model checkpoint to checkpoints/best_model_checkpoint.pth
Epoch: 19 | train_loss: 1.6076 | train_acc: 0.5080 | val_loss: 1.5248 | val_acc: 0.5689
Epoch 19 - No improvement in validation loss.
Epoch: 20 | train_loss: 1.6030 | train_acc: 0.5053 | val_loss: 1.5029 | val_acc: 0.5797
Epoch 20 - No improvement in validation loss.
Epoch: 21 | train_loss: 1.5847 | train_acc: 0.5169 | val_loss: 1.4900 | val_acc: 0.5737
Saved best model checkpoint to checkpoints/best_model_checkpoint.pth
Epoch: 22 | train_loss: 1.5780 | train_acc: 0.5200 | val_loss: 1.5227 | val_acc: 0.5721
Epoch 22 - No improvement in validation loss.
Epoch: 23 | train_loss: 1.5850 | train_acc: 0.5199 | val_loss: 1.4964 | val_acc: 0.5809
Epoch 23 - No improvement in validation loss.
Epoch: 24 | train_loss: 1.5653 | train_acc: 0.5287 | val_loss: 1.4945 | val_acc: 0.6102
Epoch 24 - No improvement in validation loss.
Epoch: 25 | train_loss: 1.5724 | train_acc: 0.5237 | val_loss: 1.4786 | val_acc: 0.6150
Saved best model checkpoint to checkpoints/best_model_checkpoint.pth
Epoch: 26 | train_loss: 1.5570 | train_acc: 0.5375 | val_loss: 1.4800 | val_acc: 0.5665
Epoch 26 - No improvement in validation loss.
Epoch: 27 | train_loss: 1.5415 | train_acc: 0.5335 | val_loss: 1.4520 | val_acc: 0.6142
Saved best model checkpoint to checkpoints/best_model_checkpoint.pth
Epoch: 28 | train_loss: 1.5453 | train_acc: 0.5371 | val_loss: 1.4310 | val_acc: 0.6294
Saved best model checkpoint to checkpoints/best_model_checkpoint.pth
Epoch: 29 | train_loss: 1.5325 | train_acc: 0.5391 | val_loss: 1.4482 | val_acc: 0.6234
Epoch 29 - No improvement in validation loss.
Epoch: 30 | train_loss: 1.5291 | train_acc: 0.5421 | val_loss: 1.4534 | val_acc: 0.5966
Epoch 30 - No improvement in validation loss.
Epoch: 31 | train_loss: 1.5360 | train_acc: 0.5429 | val_loss: 1.4495 | val_acc: 0.6206
Epoch 31 - No improvement in validation loss.
Epoch: 32 | train_loss: 1.5193 | train_acc: 0.5525 | val_loss: 1.4179 | val_acc: 0.6218
Saved best model checkpoint to checkpoints/best_model_checkpoint.pth
Epoch: 33 | train_loss: 1.5154 | train_acc: 0.5497 | val_loss: 1.4212 | val_acc: 0.6326
Epoch 33 - No improvement in validation loss.
Epoch: 34 | train_loss: 1.5166 | train_acc: 0.5530 | val_loss: 1.4191 | val_acc: 0.6054
Epoch 34 - No improvement in validation loss.
Epoch: 35 | train_loss: 1.4982 | train_acc: 0.5556 | val_loss: 1.4018 | val_acc: 0.6458
Saved best model checkpoint to checkpoints/best_model_checkpoint.pth
Epoch: 36 | train_loss: 1.5032 | train_acc: 0.5573 | val_loss: 1.4769 | val_acc: 0.5857
Epoch 36 - No improvement in validation loss.
Epoch: 37 | train_loss: 1.4985 | train_acc: 0.5584 | val_loss: 1.4437 | val_acc: 0.6038
Epoch 37 - No improvement in validation loss.
Epoch: 38 | train_loss: 1.4965 | train_acc: 0.5660 | val_loss: 1.4476 | val_acc: 0.5837
Epoch 38 - No improvement in validation loss.
Epoch: 39 | train_loss: 1.4880 | train_acc: 0.5661 | val_loss: 1.4392 | val_acc: 0.5938
Epoch 39 - No improvement in validation loss.
Epoch: 40 | train_loss: 1.4829 | train_acc: 0.5744 | val_loss: 1.4071 | val_acc: 0.6166
Epoch 40 - No improvement in validation loss.
Epoch: 41 | train_loss: 1.4671 | train_acc: 0.5826 | val_loss: 1.4147 | val_acc: 0.5853
Epoch 41 - No improvement in validation loss.
Epoch: 42 | train_loss: 1.4822 | train_acc: 0.5669 | val_loss: 1.4006 | val_acc: 0.6026
Saved best model checkpoint to checkpoints/best_model_checkpoint.pth
Epoch: 43 | train_loss: 1.4859 | train_acc: 0.5762 | val_loss: 1.4182 | val_acc: 0.6054
Epoch 43 - No improvement in validation loss.
Epoch: 44 | train_loss: 1.4782 | train_acc: 0.5733 | val_loss: 1.4010 | val_acc: 0.6350
Epoch 44 - No improvement in validation loss.
Epoch: 45 | train_loss: 1.4691 | train_acc: 0.5825 | val_loss: 1.4088 | val_acc: 0.6370
Epoch 45 - No improvement in validation loss.
Epoch: 46 | train_loss: 1.4646 | train_acc: 0.5808 | val_loss: 1.4239 | val_acc: 0.6022
Epoch 46 - No improvement in validation loss.
Epoch: 47 | train_loss: 1.4650 | train_acc: 0.5797 | val_loss: 1.3765 | val_acc: 0.6214
Saved best model checkpoint to checkpoints/best_model_checkpoint.pth
Epoch: 48 | train_loss: 1.4688 | train_acc: 0.5754 | val_loss: 1.3987 | val_acc: 0.5901
Epoch 48 - No improvement in validation loss.
Epoch: 49 | train_loss: 1.4590 | train_acc: 0.5800 | val_loss: 1.3747 | val_acc: 0.6258
Saved best model checkpoint to checkpoints/best_model_checkpoint.pth
Epoch: 50 | train_loss: 1.4507 | train_acc: 0.5882 | val_loss: 1.3932 | val_acc: 0.6234
Epoch 50 - No improvement in validation loss.
Epoch: 51 | train_loss: 1.4519 | train_acc: 0.5826 | val_loss: 1.3970 | val_acc: 0.6174
Epoch 51 - No improvement in validation loss.
Epoch: 52 | train_loss: 1.4365 | train_acc: 0.5959 | val_loss: 1.3889 | val_acc: 0.6066
Epoch 52 - No improvement in validation loss.
Epoch: 53 | train_loss: 1.4456 | train_acc: 0.5878 | val_loss: 1.3782 | val_acc: 0.6150
Epoch 53 - No improvement in validation loss.
Epoch: 54 | train_loss: 1.4370 | train_acc: 0.5920 | val_loss: 1.4035 | val_acc: 0.6138
Epoch 54 - No improvement in validation loss.
Epoch: 55 | train_loss: 1.4520 | train_acc: 0.5867 | val_loss: 1.3779 | val_acc: 0.6366
Epoch 55 - No improvement in validation loss.
Epoch: 56 | train_loss: 1.4276 | train_acc: 0.5958 | val_loss: 1.3999 | val_acc: 0.6190
Epoch 56 - No improvement in validation loss.
Epoch: 57 | train_loss: 1.4248 | train_acc: 0.5941 | val_loss: 1.3829 | val_acc: 0.6074
Epoch 57 - No improvement in validation loss.
Epoch: 58 | train_loss: 1.4246 | train_acc: 0.6016 | val_loss: 1.3912 | val_acc: 0.6274
Epoch 58 - No improvement in validation loss.
Epoch: 59 | train_loss: 1.4333 | train_acc: 0.5970 | val_loss: 1.3829 | val_acc: 0.6266
Epoch 59 - No improvement in validation loss.
Early stopping triggered after 10 epochs without improvement.
Training finished. Best validation loss: 1.3747 achieved. Best model saved to checkpoints/best_model_checkpoint.pth
Loading best model from checkpoints/best_model_checkpoint.pth
Best model loaded successfully.

Evaluating best model on Test Dataset...

--- Final Test Results ---
Test Loss: 1.3658, Test Accuracy: 0.5955
Python script finished with exit code 0 at Tue Apr 29 05:21:44 AM CDT 2025
