Job started on ptolemy-gpu-06 at Tue Apr 29 01:51:53 AM CDT 2025
SLURM Job ID: 38959
Number of CPUs allocated: 4
Memory allocated: 
Batch size: 64
This job has 1 worker, 4 cpus_per_task, 64G mem, batch size of 75, and 250 epochs assigned.
Project Root: /scratch/ptolemy/users/kg1623/projects/deep-learning/audio-classification-using-ViT
Setting Torch cache to: /scratch/ptolemy/users/kg1623/.cache/torch
Setting Hugging Face cache to: /scratch/ptolemy/users/kg1623/.cache/huggingface
Current Directory: /scratch/ptolemy/users/kg1623/projects/deep-learning/audio-classification-using-ViT
Loading modules...
Activating existing virtual environment 'venv'...
PYTHONPATH: /scratch/ptolemy/users/kg1623/projects/deep-learning/audio-classification-using-ViT:
Running train.py script...
Using device: cuda
Number of workers: 1
Batch size: 75
Train dataset size: 7079
Validation dataset size: 816
Test dataset size: 837
Epoch: 1 | train_loss: 2.0808 | train_acc: 0.2497 | val_loss: 1.8799 | val_acc: 0.3608
Saved best model checkpoint to checkpoints/best_model_checkpoint.pth
Epoch: 2 | train_loss: 1.9218 | train_acc: 0.3397 | val_loss: 1.7554 | val_acc: 0.3946
Saved best model checkpoint to checkpoints/best_model_checkpoint.pth
Epoch: 3 | train_loss: 1.8481 | train_acc: 0.3646 | val_loss: 1.7085 | val_acc: 0.4028
Saved best model checkpoint to checkpoints/best_model_checkpoint.pth
Epoch: 4 | train_loss: 1.7961 | train_acc: 0.3936 | val_loss: 1.6712 | val_acc: 0.4583
Saved best model checkpoint to checkpoints/best_model_checkpoint.pth
Epoch: 5 | train_loss: 1.7650 | train_acc: 0.4166 | val_loss: 1.6282 | val_acc: 0.4801
Saved best model checkpoint to checkpoints/best_model_checkpoint.pth
Epoch: 6 | train_loss: 1.7353 | train_acc: 0.4273 | val_loss: 1.6318 | val_acc: 0.4730
Epoch 6 - No improvement in validation loss.
Epoch: 7 | train_loss: 1.7119 | train_acc: 0.4496 | val_loss: 1.6537 | val_acc: 0.4445
Epoch 7 - No improvement in validation loss.
Epoch: 8 | train_loss: 1.6972 | train_acc: 0.4506 | val_loss: 1.6222 | val_acc: 0.4850
Saved best model checkpoint to checkpoints/best_model_checkpoint.pth
Epoch: 9 | train_loss: 1.6758 | train_acc: 0.4675 | val_loss: 1.5843 | val_acc: 0.4990
Saved best model checkpoint to checkpoints/best_model_checkpoint.pth
Epoch: 10 | train_loss: 1.6648 | train_acc: 0.4660 | val_loss: 1.5691 | val_acc: 0.5591
Saved best model checkpoint to checkpoints/best_model_checkpoint.pth
Epoch: 11 | train_loss: 1.6495 | train_acc: 0.4782 | val_loss: 1.5906 | val_acc: 0.5526
Epoch 11 - No improvement in validation loss.
Epoch: 12 | train_loss: 1.6331 | train_acc: 0.4762 | val_loss: 1.5550 | val_acc: 0.5461
Saved best model checkpoint to checkpoints/best_model_checkpoint.pth
Epoch: 13 | train_loss: 1.6289 | train_acc: 0.4879 | val_loss: 1.5728 | val_acc: 0.5381
Epoch 13 - No improvement in validation loss.
Epoch: 14 | train_loss: 1.6157 | train_acc: 0.5041 | val_loss: 1.5536 | val_acc: 0.5717
Saved best model checkpoint to checkpoints/best_model_checkpoint.pth
Epoch: 15 | train_loss: 1.6124 | train_acc: 0.5036 | val_loss: 1.5229 | val_acc: 0.5895
Saved best model checkpoint to checkpoints/best_model_checkpoint.pth
Epoch: 16 | train_loss: 1.5938 | train_acc: 0.5129 | val_loss: 1.5148 | val_acc: 0.5526
Saved best model checkpoint to checkpoints/best_model_checkpoint.pth
Epoch: 17 | train_loss: 1.5924 | train_acc: 0.5088 | val_loss: 1.5144 | val_acc: 0.5767
Saved best model checkpoint to checkpoints/best_model_checkpoint.pth
Epoch: 18 | train_loss: 1.5825 | train_acc: 0.5223 | val_loss: 1.4779 | val_acc: 0.6108
Saved best model checkpoint to checkpoints/best_model_checkpoint.pth
Epoch: 19 | train_loss: 1.5726 | train_acc: 0.5178 | val_loss: 1.5219 | val_acc: 0.5354
Epoch 19 - No improvement in validation loss.
Epoch: 20 | train_loss: 1.5512 | train_acc: 0.5297 | val_loss: 1.4900 | val_acc: 0.5978
Epoch 20 - No improvement in validation loss.
Epoch: 21 | train_loss: 1.5633 | train_acc: 0.5188 | val_loss: 1.4877 | val_acc: 0.5663
Epoch 21 - No improvement in validation loss.
Epoch: 22 | train_loss: 1.5462 | train_acc: 0.5328 | val_loss: 1.4757 | val_acc: 0.5794
Saved best model checkpoint to checkpoints/best_model_checkpoint.pth
Epoch: 23 | train_loss: 1.5552 | train_acc: 0.5290 | val_loss: 1.4974 | val_acc: 0.5727
Epoch 23 - No improvement in validation loss.
Epoch: 24 | train_loss: 1.5418 | train_acc: 0.5379 | val_loss: 1.4681 | val_acc: 0.5999
Saved best model checkpoint to checkpoints/best_model_checkpoint.pth
Epoch: 25 | train_loss: 1.5239 | train_acc: 0.5498 | val_loss: 1.4676 | val_acc: 0.5453
Saved best model checkpoint to checkpoints/best_model_checkpoint.pth
Epoch: 26 | train_loss: 1.5264 | train_acc: 0.5400 | val_loss: 1.4713 | val_acc: 0.5684
Epoch 26 - No improvement in validation loss.
Epoch: 27 | train_loss: 1.5212 | train_acc: 0.5458 | val_loss: 1.4792 | val_acc: 0.5921
Epoch 27 - No improvement in validation loss.
Epoch: 28 | train_loss: 1.5143 | train_acc: 0.5501 | val_loss: 1.4314 | val_acc: 0.6352
Saved best model checkpoint to checkpoints/best_model_checkpoint.pth
Epoch: 29 | train_loss: 1.5018 | train_acc: 0.5569 | val_loss: 1.4490 | val_acc: 0.5916
Epoch 29 - No improvement in validation loss.
Epoch: 30 | train_loss: 1.5077 | train_acc: 0.5579 | val_loss: 1.4339 | val_acc: 0.5988
Epoch 30 - No improvement in validation loss.
Epoch: 31 | train_loss: 1.4951 | train_acc: 0.5671 | val_loss: 1.4511 | val_acc: 0.6295
Epoch 31 - No improvement in validation loss.
Epoch: 32 | train_loss: 1.4960 | train_acc: 0.5639 | val_loss: 1.4511 | val_acc: 0.6073
Epoch 32 - No improvement in validation loss.
Epoch: 33 | train_loss: 1.4893 | train_acc: 0.5599 | val_loss: 1.4530 | val_acc: 0.6127
Epoch 33 - No improvement in validation loss.
Epoch: 34 | train_loss: 1.4673 | train_acc: 0.5850 | val_loss: 1.4158 | val_acc: 0.6253
Saved best model checkpoint to checkpoints/best_model_checkpoint.pth
Epoch: 35 | train_loss: 1.4697 | train_acc: 0.5788 | val_loss: 1.4068 | val_acc: 0.6079
Saved best model checkpoint to checkpoints/best_model_checkpoint.pth
Epoch: 36 | train_loss: 1.4569 | train_acc: 0.5804 | val_loss: 1.4345 | val_acc: 0.6111
Epoch 36 - No improvement in validation loss.
Epoch: 37 | train_loss: 1.4588 | train_acc: 0.5803 | val_loss: 1.4290 | val_acc: 0.6025
Epoch 37 - No improvement in validation loss.
Epoch: 38 | train_loss: 1.4714 | train_acc: 0.5718 | val_loss: 1.4184 | val_acc: 0.5982
Epoch 38 - No improvement in validation loss.
Epoch: 39 | train_loss: 1.4533 | train_acc: 0.5810 | val_loss: 1.4001 | val_acc: 0.6098
Saved best model checkpoint to checkpoints/best_model_checkpoint.pth
Epoch: 40 | train_loss: 1.4594 | train_acc: 0.5857 | val_loss: 1.4028 | val_acc: 0.6105
Epoch 40 - No improvement in validation loss.
Epoch: 41 | train_loss: 1.4567 | train_acc: 0.5820 | val_loss: 1.3966 | val_acc: 0.6266
Saved best model checkpoint to checkpoints/best_model_checkpoint.pth
Epoch: 42 | train_loss: 1.4522 | train_acc: 0.5807 | val_loss: 1.4176 | val_acc: 0.6094
Epoch 42 - No improvement in validation loss.
Epoch: 43 | train_loss: 1.4440 | train_acc: 0.5912 | val_loss: 1.4023 | val_acc: 0.6385
Epoch 43 - No improvement in validation loss.
Epoch: 44 | train_loss: 1.4391 | train_acc: 0.5915 | val_loss: 1.3942 | val_acc: 0.6440
Saved best model checkpoint to checkpoints/best_model_checkpoint.pth
Epoch: 45 | train_loss: 1.4376 | train_acc: 0.5966 | val_loss: 1.4050 | val_acc: 0.6340
Epoch 45 - No improvement in validation loss.
Epoch: 46 | train_loss: 1.4243 | train_acc: 0.6007 | val_loss: 1.4079 | val_acc: 0.6190
Epoch 46 - No improvement in validation loss.
Epoch: 47 | train_loss: 1.4211 | train_acc: 0.5950 | val_loss: 1.4120 | val_acc: 0.5958
Epoch 47 - No improvement in validation loss.
Epoch: 48 | train_loss: 1.4296 | train_acc: 0.5938 | val_loss: 1.4196 | val_acc: 0.5997
Epoch 48 - No improvement in validation loss.
Epoch: 49 | train_loss: 1.4375 | train_acc: 0.5940 | val_loss: 1.4231 | val_acc: 0.5897
Epoch 49 - No improvement in validation loss.
Epoch: 50 | train_loss: 1.4238 | train_acc: 0.5929 | val_loss: 1.3988 | val_acc: 0.6093
Epoch 50 - No improvement in validation loss.
Epoch: 51 | train_loss: 1.4316 | train_acc: 0.5949 | val_loss: 1.4108 | val_acc: 0.6215
Epoch 51 - No improvement in validation loss.
Epoch: 52 | train_loss: 1.4312 | train_acc: 0.5939 | val_loss: 1.4161 | val_acc: 0.6217
Epoch 52 - No improvement in validation loss.
Epoch: 53 | train_loss: 1.4229 | train_acc: 0.6002 | val_loss: 1.3952 | val_acc: 0.6236
Epoch 53 - No improvement in validation loss.
Epoch: 54 | train_loss: 1.4205 | train_acc: 0.5984 | val_loss: 1.4100 | val_acc: 0.5990
Epoch 54 - No improvement in validation loss.
Early stopping triggered after 10 epochs without improvement.
Training finished. Best validation loss: 1.3942 achieved. Best model saved to checkpoints/best_model_checkpoint.pth
Loading best model from checkpoints/best_model_checkpoint.pth
Best model loaded successfully.

Evaluating best model on Test Dataset...

--- Final Test Results ---
Test Loss: 1.3820, Test Accuracy: 0.6017
Python script finished with exit code 0 at Tue Apr 29 05:44:28 AM CDT 2025
