Job started on ptolemy-gpu-06 at Sat May  3 12:24:42 AM CDT 2025
SLURM Job ID: 40758
Number of CPUs allocated: 64
Memory allocated: 
Batch size: 128
This job has 64 worker and 100 epochs assigned.
Project Root: /scratch/ptolemy/users/kg1623/projects/deep-learning/audio-classification-using-ViT
Setting Torch cache to: /scratch/ptolemy/users/kg1623/.cache/torch
Setting Hugging Face cache to: /scratch/ptolemy/users/kg1623/.cache/huggingface
Current Directory: /scratch/ptolemy/users/kg1623/projects/deep-learning/audio-classification-using-ViT
Loading modules...
Activating existing virtual environment 'venv'...
PYTHONPATH: /scratch/ptolemy/users/kg1623/projects/deep-learning/audio-classification-using-ViT:
Running train.py script...
Using device: cuda
Number of workers: 64
Batch size: 128
Train dataset size: 7079
Validation dataset size: 816
Test dataset size: 837
Epoch: 1 | train_loss: 2.1674 | train_acc: 0.2125 | val_loss: 1.9127 | val_acc: 0.3300
Saved best model checkpoint to checkpoints/best_model_slurm_40758_2025-05-03 00:24:52.175131.pth
Epoch: 2 | train_loss: 1.9847 | train_acc: 0.2975 | val_loss: 1.7827 | val_acc: 0.4096
Saved best model checkpoint to checkpoints/best_model_slurm_40758_2025-05-03 00:24:52.175131.pth
Epoch: 3 | train_loss: 1.8657 | train_acc: 0.3587 | val_loss: 1.7089 | val_acc: 0.4338
Saved best model checkpoint to checkpoints/best_model_slurm_40758_2025-05-03 00:24:52.175131.pth
Epoch: 4 | train_loss: 1.7492 | train_acc: 0.4199 | val_loss: 1.6364 | val_acc: 0.4918
Saved best model checkpoint to checkpoints/best_model_slurm_40758_2025-05-03 00:24:52.175131.pth
