Job started on ptolemy-gpu-06 at Tue Apr 29 02:28:28 AM CDT 2025
SLURM Job ID: 38971
Number of CPUs allocated: 4
Memory allocated: 
Batch size: 75
This job has 1 worker and 250 epochs assigned.
Time Augment + Last 4 Layers of Encoder Unfrozen
Project Root: /scratch/ptolemy/users/kg1623/projects/deep-learning/audio-classification-using-ViT
Setting Torch cache to: /scratch/ptolemy/users/kg1623/.cache/torch
Setting Hugging Face cache to: /scratch/ptolemy/users/kg1623/.cache/huggingface
Current Directory: /scratch/ptolemy/users/kg1623/projects/deep-learning/audio-classification-using-ViT
Loading modules...
Activating existing virtual environment 'venv'...
PYTHONPATH: /scratch/ptolemy/users/kg1623/projects/deep-learning/audio-classification-using-ViT:
Running train.py script...
Using device: cuda
Number of workers: 1
Batch size: 75
Train dataset size: 7079
Validation dataset size: 816
Test dataset size: 837
Epoch: 1 | train_loss: 2.0505 | train_acc: 0.2762 | val_loss: 1.7735 | val_acc: 0.3720
Saved best model checkpoint to checkpoints/best_model_checkpoint.pth
Epoch: 2 | train_loss: 1.7190 | train_acc: 0.4349 | val_loss: 1.6195 | val_acc: 0.5220
Saved best model checkpoint to checkpoints/best_model_checkpoint.pth
Epoch: 3 | train_loss: 1.5560 | train_acc: 0.5154 | val_loss: 1.4930 | val_acc: 0.5494
Saved best model checkpoint to checkpoints/best_model_checkpoint.pth
Epoch: 4 | train_loss: 1.4306 | train_acc: 0.5865 | val_loss: 1.4425 | val_acc: 0.6185
Saved best model checkpoint to checkpoints/best_model_checkpoint.pth
Epoch: 5 | train_loss: 1.3819 | train_acc: 0.6121 | val_loss: 1.4341 | val_acc: 0.6117
Saved best model checkpoint to checkpoints/best_model_checkpoint.pth
Epoch: 6 | train_loss: 1.2923 | train_acc: 0.6630 | val_loss: 1.4143 | val_acc: 0.6129
Saved best model checkpoint to checkpoints/best_model_checkpoint.pth
Epoch: 7 | train_loss: 1.2365 | train_acc: 0.6816 | val_loss: 1.4165 | val_acc: 0.6250
Epoch 7 - No improvement in validation loss.
Epoch: 8 | train_loss: 1.1935 | train_acc: 0.7045 | val_loss: 1.3886 | val_acc: 0.6132
Saved best model checkpoint to checkpoints/best_model_checkpoint.pth
Epoch: 9 | train_loss: 1.1473 | train_acc: 0.7303 | val_loss: 1.3899 | val_acc: 0.6122
Epoch 9 - No improvement in validation loss.
Epoch: 10 | train_loss: 1.1208 | train_acc: 0.7382 | val_loss: 1.3749 | val_acc: 0.6314
Saved best model checkpoint to checkpoints/best_model_checkpoint.pth
Epoch: 11 | train_loss: 1.0863 | train_acc: 0.7578 | val_loss: 1.3844 | val_acc: 0.6202
Epoch 11 - No improvement in validation loss.
Epoch: 12 | train_loss: 1.0504 | train_acc: 0.7672 | val_loss: 1.3302 | val_acc: 0.6420
Saved best model checkpoint to checkpoints/best_model_checkpoint.pth
Epoch: 13 | train_loss: 1.0237 | train_acc: 0.7834 | val_loss: 1.3274 | val_acc: 0.6447
Saved best model checkpoint to checkpoints/best_model_checkpoint.pth
Epoch: 14 | train_loss: 0.9987 | train_acc: 0.7910 | val_loss: 1.3649 | val_acc: 0.6464
Epoch 14 - No improvement in validation loss.
Epoch: 15 | train_loss: 0.9880 | train_acc: 0.8003 | val_loss: 1.3781 | val_acc: 0.6337
Epoch 15 - No improvement in validation loss.
Epoch: 16 | train_loss: 0.9722 | train_acc: 0.8066 | val_loss: 1.2913 | val_acc: 0.6650
Saved best model checkpoint to checkpoints/best_model_checkpoint.pth
Epoch: 17 | train_loss: 0.9469 | train_acc: 0.8142 | val_loss: 1.3508 | val_acc: 0.6640
Epoch 17 - No improvement in validation loss.
Epoch: 18 | train_loss: 0.9354 | train_acc: 0.8261 | val_loss: 1.3939 | val_acc: 0.6593
Epoch 18 - No improvement in validation loss.
Epoch: 19 | train_loss: 0.9172 | train_acc: 0.8309 | val_loss: 1.3335 | val_acc: 0.6396
Epoch 19 - No improvement in validation loss.
Epoch: 20 | train_loss: 0.9191 | train_acc: 0.8295 | val_loss: 1.3277 | val_acc: 0.6520
Epoch 20 - No improvement in validation loss.
Epoch: 21 | train_loss: 0.8799 | train_acc: 0.8483 | val_loss: 1.3190 | val_acc: 0.6541
Epoch 21 - No improvement in validation loss.
Epoch: 22 | train_loss: 0.8919 | train_acc: 0.8412 | val_loss: 1.4065 | val_acc: 0.6615
Epoch 22 - No improvement in validation loss.
Epoch: 23 | train_loss: 0.8694 | train_acc: 0.8520 | val_loss: 1.3813 | val_acc: 0.6728
Epoch 23 - No improvement in validation loss.
Epoch: 24 | train_loss: 0.8578 | train_acc: 0.8571 | val_loss: 1.3614 | val_acc: 0.6641
Epoch 24 - No improvement in validation loss.
Epoch: 25 | train_loss: 0.8510 | train_acc: 0.8603 | val_loss: 1.3552 | val_acc: 0.6738
Epoch 25 - No improvement in validation loss.
Epoch: 26 | train_loss: 0.8458 | train_acc: 0.8613 | val_loss: 1.3048 | val_acc: 0.6828
Epoch 26 - No improvement in validation loss.
Early stopping triggered after 10 epochs without improvement.
Training finished. Best validation loss: 1.2913 achieved. Best model saved to checkpoints/best_model_checkpoint.pth
Loading best model from checkpoints/best_model_checkpoint.pth
Best model loaded successfully.

Evaluating best model on Test Dataset...

--- Final Test Results ---
Test Loss: 1.3932, Test Accuracy: 0.6228
Python script finished with exit code 0 at Tue Apr 29 04:21:12 AM CDT 2025
