Job started on ptolemy-gpu-01 at Mon Apr 28 07:15:38 PM CDT 2025
SLURM Job ID: 38821
Number of CPUs allocated: 1
Memory allocated: 
Batch size: 32
Project Root: /scratch/ptolemy/users/kg1623/projects/deep-learning/audio-classification-using-ViT
Setting Torch cache to: /scratch/ptolemy/users/kg1623/.cache/torch
Setting Hugging Face cache to: /scratch/ptolemy/users/kg1623/.cache/huggingface
Current Directory: /scratch/ptolemy/users/kg1623/projects/deep-learning/audio-classification-using-ViT
Loading modules...
Activating existing virtual environment 'venv'...
PYTHONPATH: /scratch/ptolemy/users/kg1623/projects/deep-learning/audio-classification-using-ViT:
Running train.py script...
Using device: cuda
Number of workers: 1
Batch size: 64
Train dataset size: 7079
Validation dataset size: 816
Test dataset size: 837
Epoch: 1 | train_loss: 2.0270 | train_acc: 0.2852 | val_loss: 1.8131 | val_acc: 0.3542
Saved best model checkpoint to checkpoints/best_model_checkpoint.pth
Epoch: 2 | train_loss: 1.8042 | train_acc: 0.3893 | val_loss: 1.6972 | val_acc: 0.4736
Saved best model checkpoint to checkpoints/best_model_checkpoint.pth
Epoch: 3 | train_loss: 1.7299 | train_acc: 0.4378 | val_loss: 1.6721 | val_acc: 0.4391
Saved best model checkpoint to checkpoints/best_model_checkpoint.pth
Epoch: 4 | train_loss: 1.6690 | train_acc: 0.4594 | val_loss: 1.5940 | val_acc: 0.5156
Saved best model checkpoint to checkpoints/best_model_checkpoint.pth
Epoch: 5 | train_loss: 1.6331 | train_acc: 0.4866 | val_loss: 1.5813 | val_acc: 0.5449
Saved best model checkpoint to checkpoints/best_model_checkpoint.pth
Epoch: 6 | train_loss: 1.6039 | train_acc: 0.4929 | val_loss: 1.5761 | val_acc: 0.5317
Saved best model checkpoint to checkpoints/best_model_checkpoint.pth
Epoch: 7 | train_loss: 1.5793 | train_acc: 0.5136 | val_loss: 1.5319 | val_acc: 0.5713
Saved best model checkpoint to checkpoints/best_model_checkpoint.pth
Epoch: 8 | train_loss: 1.5451 | train_acc: 0.5299 | val_loss: 1.5265 | val_acc: 0.5741
Saved best model checkpoint to checkpoints/best_model_checkpoint.pth
Epoch: 9 | train_loss: 1.5428 | train_acc: 0.5349 | val_loss: 1.5299 | val_acc: 0.5601
Epoch 9 - No improvement in validation loss.
Epoch: 10 | train_loss: 1.5138 | train_acc: 0.5579 | val_loss: 1.5013 | val_acc: 0.5685
Saved best model checkpoint to checkpoints/best_model_checkpoint.pth
Epoch: 11 | train_loss: 1.5166 | train_acc: 0.5461 | val_loss: 1.4803 | val_acc: 0.5817
Saved best model checkpoint to checkpoints/best_model_checkpoint.pth
Epoch: 12 | train_loss: 1.5052 | train_acc: 0.5486 | val_loss: 1.5032 | val_acc: 0.5717
Epoch 12 - No improvement in validation loss.
Epoch: 13 | train_loss: 1.4841 | train_acc: 0.5629 | val_loss: 1.4555 | val_acc: 0.6030
Saved best model checkpoint to checkpoints/best_model_checkpoint.pth
Epoch: 14 | train_loss: 1.4665 | train_acc: 0.5744 | val_loss: 1.4417 | val_acc: 0.6262
Saved best model checkpoint to checkpoints/best_model_checkpoint.pth
Epoch: 15 | train_loss: 1.4610 | train_acc: 0.5708 | val_loss: 1.4579 | val_acc: 0.5962
Epoch 15 - No improvement in validation loss.
Epoch: 16 | train_loss: 1.4522 | train_acc: 0.5765 | val_loss: 1.4682 | val_acc: 0.5705
Epoch 16 - No improvement in validation loss.
Epoch: 17 | train_loss: 1.4394 | train_acc: 0.5921 | val_loss: 1.4222 | val_acc: 0.6250
Saved best model checkpoint to checkpoints/best_model_checkpoint.pth
Epoch: 18 | train_loss: 1.4263 | train_acc: 0.5985 | val_loss: 1.4270 | val_acc: 0.5966
Epoch 18 - No improvement in validation loss.
Epoch: 19 | train_loss: 1.4185 | train_acc: 0.6016 | val_loss: 1.4254 | val_acc: 0.6222
Epoch 19 - No improvement in validation loss.
Epoch: 20 | train_loss: 1.4215 | train_acc: 0.5984 | val_loss: 1.4421 | val_acc: 0.5877
Epoch 20 - No improvement in validation loss.
Epoch: 21 | train_loss: 1.4030 | train_acc: 0.6016 | val_loss: 1.4488 | val_acc: 0.6110
Epoch 21 - No improvement in validation loss.
Epoch: 22 | train_loss: 1.3909 | train_acc: 0.6130 | val_loss: 1.4214 | val_acc: 0.5978
Saved best model checkpoint to checkpoints/best_model_checkpoint.pth
Epoch: 23 | train_loss: 1.4006 | train_acc: 0.6067 | val_loss: 1.4342 | val_acc: 0.6202
Epoch 23 - No improvement in validation loss.
Epoch: 24 | train_loss: 1.3886 | train_acc: 0.6147 | val_loss: 1.4336 | val_acc: 0.6070
Epoch 24 - No improvement in validation loss.
Epoch: 25 | train_loss: 1.3787 | train_acc: 0.6171 | val_loss: 1.4189 | val_acc: 0.6026
Saved best model checkpoint to checkpoints/best_model_checkpoint.pth
Epoch: 26 | train_loss: 1.3742 | train_acc: 0.6122 | val_loss: 1.3860 | val_acc: 0.6230
Saved best model checkpoint to checkpoints/best_model_checkpoint.pth
Epoch: 27 | train_loss: 1.3625 | train_acc: 0.6256 | val_loss: 1.4068 | val_acc: 0.6058
Epoch 27 - No improvement in validation loss.
Epoch: 28 | train_loss: 1.3719 | train_acc: 0.6240 | val_loss: 1.3789 | val_acc: 0.6394
Saved best model checkpoint to checkpoints/best_model_checkpoint.pth
Epoch: 29 | train_loss: 1.3555 | train_acc: 0.6359 | val_loss: 1.3725 | val_acc: 0.6414
Saved best model checkpoint to checkpoints/best_model_checkpoint.pth
Epoch: 30 | train_loss: 1.3453 | train_acc: 0.6319 | val_loss: 1.3969 | val_acc: 0.6422
Epoch 30 - No improvement in validation loss.
Epoch: 31 | train_loss: 1.3485 | train_acc: 0.6354 | val_loss: 1.4255 | val_acc: 0.6118
Epoch 31 - No improvement in validation loss.
Epoch: 32 | train_loss: 1.3444 | train_acc: 0.6432 | val_loss: 1.4214 | val_acc: 0.6366
Epoch 32 - No improvement in validation loss.
Epoch: 33 | train_loss: 1.3348 | train_acc: 0.6438 | val_loss: 1.3664 | val_acc: 0.6298
Saved best model checkpoint to checkpoints/best_model_checkpoint.pth
Epoch: 34 | train_loss: 1.3275 | train_acc: 0.6511 | val_loss: 1.3734 | val_acc: 0.6410
Epoch 34 - No improvement in validation loss.
Epoch: 35 | train_loss: 1.3126 | train_acc: 0.6557 | val_loss: 1.4041 | val_acc: 0.5990
Epoch 35 - No improvement in validation loss.
Epoch: 36 | train_loss: 1.3138 | train_acc: 0.6506 | val_loss: 1.3991 | val_acc: 0.6266
Epoch 36 - No improvement in validation loss.
Epoch: 37 | train_loss: 1.3044 | train_acc: 0.6586 | val_loss: 1.3891 | val_acc: 0.6274
Epoch 37 - No improvement in validation loss.
Epoch: 38 | train_loss: 1.3063 | train_acc: 0.6540 | val_loss: 1.3686 | val_acc: 0.6390
Epoch 38 - No improvement in validation loss.
Epoch: 39 | train_loss: 1.2984 | train_acc: 0.6596 | val_loss: 1.3696 | val_acc: 0.6190
Epoch 39 - No improvement in validation loss.
Epoch: 40 | train_loss: 1.3005 | train_acc: 0.6647 | val_loss: 1.3647 | val_acc: 0.6446
Saved best model checkpoint to checkpoints/best_model_checkpoint.pth
Epoch: 41 | train_loss: 1.2920 | train_acc: 0.6629 | val_loss: 1.3938 | val_acc: 0.6242
Epoch 41 - No improvement in validation loss.
Epoch: 42 | train_loss: 1.2790 | train_acc: 0.6726 | val_loss: 1.3880 | val_acc: 0.6262
Epoch 42 - No improvement in validation loss.
Epoch: 43 | train_loss: 1.2799 | train_acc: 0.6677 | val_loss: 1.3697 | val_acc: 0.6318
Epoch 43 - No improvement in validation loss.
Epoch: 44 | train_loss: 1.2706 | train_acc: 0.6753 | val_loss: 1.3630 | val_acc: 0.6442
Saved best model checkpoint to checkpoints/best_model_checkpoint.pth
Epoch: 45 | train_loss: 1.2696 | train_acc: 0.6722 | val_loss: 1.3488 | val_acc: 0.6486
Saved best model checkpoint to checkpoints/best_model_checkpoint.pth
Epoch: 46 | train_loss: 1.2776 | train_acc: 0.6679 | val_loss: 1.3668 | val_acc: 0.6454
Epoch 46 - No improvement in validation loss.
Epoch: 47 | train_loss: 1.2631 | train_acc: 0.6847 | val_loss: 1.3505 | val_acc: 0.6350
Epoch 47 - No improvement in validation loss.
Epoch: 48 | train_loss: 1.2628 | train_acc: 0.6754 | val_loss: 1.3585 | val_acc: 0.6494
Epoch 48 - No improvement in validation loss.
Epoch: 49 | train_loss: 1.2649 | train_acc: 0.6800 | val_loss: 1.3566 | val_acc: 0.6434
Epoch 49 - No improvement in validation loss.
Epoch: 50 | train_loss: 1.2520 | train_acc: 0.6802 | val_loss: 1.3659 | val_acc: 0.6298
Epoch 50 - No improvement in validation loss.
Epoch: 51 | train_loss: 1.2655 | train_acc: 0.6749 | val_loss: 1.3624 | val_acc: 0.6514
Epoch 51 - No improvement in validation loss.
Epoch: 52 | train_loss: 1.2549 | train_acc: 0.6850 | val_loss: 1.3384 | val_acc: 0.6474
Saved best model checkpoint to checkpoints/best_model_checkpoint.pth
Epoch: 53 | train_loss: 1.2499 | train_acc: 0.6871 | val_loss: 1.3358 | val_acc: 0.6302
Saved best model checkpoint to checkpoints/best_model_checkpoint.pth
Epoch: 54 | train_loss: 1.2510 | train_acc: 0.6844 | val_loss: 1.3574 | val_acc: 0.6390
Epoch 54 - No improvement in validation loss.
Epoch: 55 | train_loss: 1.2425 | train_acc: 0.6891 | val_loss: 1.3541 | val_acc: 0.6446
Epoch 55 - No improvement in validation loss.
Epoch: 56 | train_loss: 1.2409 | train_acc: 0.6966 | val_loss: 1.3578 | val_acc: 0.6474
Epoch 56 - No improvement in validation loss.
Epoch: 57 | train_loss: 1.2320 | train_acc: 0.6946 | val_loss: 1.3265 | val_acc: 0.6550
Saved best model checkpoint to checkpoints/best_model_checkpoint.pth
Epoch: 58 | train_loss: 1.2182 | train_acc: 0.6997 | val_loss: 1.3528 | val_acc: 0.6474
Epoch 58 - No improvement in validation loss.
Epoch: 59 | train_loss: 1.2224 | train_acc: 0.7002 | val_loss: 1.3446 | val_acc: 0.6554
Epoch 59 - No improvement in validation loss.
Epoch: 60 | train_loss: 1.2213 | train_acc: 0.7011 | val_loss: 1.3566 | val_acc: 0.6254
Epoch 60 - No improvement in validation loss.
Epoch: 61 | train_loss: 1.2263 | train_acc: 0.6973 | val_loss: 1.3451 | val_acc: 0.6571
Epoch 61 - No improvement in validation loss.
Epoch: 62 | train_loss: 1.2207 | train_acc: 0.7048 | val_loss: 1.3495 | val_acc: 0.6326
Epoch 62 - No improvement in validation loss.
Epoch: 63 | train_loss: 1.2162 | train_acc: 0.7049 | val_loss: 1.3392 | val_acc: 0.6366
Epoch 63 - No improvement in validation loss.
Epoch: 64 | train_loss: 1.2047 | train_acc: 0.7093 | val_loss: 1.3532 | val_acc: 0.6502
Epoch 64 - No improvement in validation loss.
Epoch: 65 | train_loss: 1.2145 | train_acc: 0.7079 | val_loss: 1.3259 | val_acc: 0.6366
Saved best model checkpoint to checkpoints/best_model_checkpoint.pth
Epoch: 66 | train_loss: 1.2083 | train_acc: 0.7117 | val_loss: 1.3239 | val_acc: 0.6502
Saved best model checkpoint to checkpoints/best_model_checkpoint.pth
Epoch: 67 | train_loss: 1.2066 | train_acc: 0.7115 | val_loss: 1.3438 | val_acc: 0.6234
Epoch 67 - No improvement in validation loss.
Epoch: 68 | train_loss: 1.1983 | train_acc: 0.7113 | val_loss: 1.3633 | val_acc: 0.6587
Epoch 68 - No improvement in validation loss.
Epoch: 69 | train_loss: 1.2029 | train_acc: 0.7129 | val_loss: 1.3291 | val_acc: 0.6522
Epoch 69 - No improvement in validation loss.
Epoch: 70 | train_loss: 1.1922 | train_acc: 0.7166 | val_loss: 1.3732 | val_acc: 0.6458
Epoch 70 - No improvement in validation loss.
Training finished. Best validation loss: 1.3239 achieved. Best model saved to checkpoints/best_model_checkpoint.pth
Loading best model from checkpoints/best_model_checkpoint.pth
Best model loaded successfully.

Evaluating best model on Test Dataset...

--- Final Test Results ---
Test Loss: 1.2952, Test Accuracy: 0.6525
Python script finished with exit code 0 at Mon Apr 28 09:18:58 PM CDT 2025
