Job started on ptolemy-gpu-06 at Sat May  3 12:26:32 AM CDT 2025
SLURM Job ID: 40759
Number of CPUs allocated: 64
Memory allocated: 
Batch size: 128
This job has 64 worker and 100 epochs assigned.
Project Root: /scratch/ptolemy/users/kg1623/projects/deep-learning/audio-classification-using-ViT
Setting Torch cache to: /scratch/ptolemy/users/kg1623/.cache/torch
Setting Hugging Face cache to: /scratch/ptolemy/users/kg1623/.cache/huggingface
Current Directory: /scratch/ptolemy/users/kg1623/projects/deep-learning/audio-classification-using-ViT
Loading modules...
Activating existing virtual environment 'venv'...
PYTHONPATH: /scratch/ptolemy/users/kg1623/projects/deep-learning/audio-classification-using-ViT:
Running train.py script...
Using device: cuda
Number of workers: 64
Batch size: 128
Train dataset size: 7079
Validation dataset size: 816
Test dataset size: 837
Epoch: 1 | train_loss: 2.1713 | train_acc: 0.2131 | val_loss: 1.9085 | val_acc: 0.3259
Saved best model checkpoint to checkpoints/best_model_slurm_40759_2025-05-03 00:26:40.771616.pth
Epoch: 2 | train_loss: 1.9803 | train_acc: 0.3070 | val_loss: 1.7907 | val_acc: 0.3787
Saved best model checkpoint to checkpoints/best_model_slurm_40759_2025-05-03 00:26:40.771616.pth
